#
# A fatal error has been detected by the Java Runtime Environment:
#
#  EXCEPTION_ACCESS_VIOLATION (0xc0000005) at pc=0x00007ffe21531155, pid=14552, tid=6952
#
# JRE version: OpenJDK Runtime Environment (14.0.2+12) (build 14.0.2+12-46)
# Java VM: OpenJDK 64-Bit Server VM (14.0.2+12-46, mixed mode, tiered, compressed oops, g1 gc, windows-amd64)
# Problematic frame:
# V  [jvm.dll+0x5a1155]
#
# No core dump will be written. Minidumps are not enabled by default on client versions of Windows
#
# If you would like to submit a bug report, please visit:
#   https://bugreport.java.com/bugreport/crash.jsp
#

---------------  S U M M A R Y ------------

Command Line: -XX:+ShowCodeDetailsInExceptionMessages -agentlib:jdwp=transport=dt_socket,suspend=y,address=localhost:50917 -javaagent:E:\Programy\Nauka\Eclipse\eclipse\configuration\org.eclipse.osgi\215\0\.cp\lib\javaagent-shaded.jar -Dfile.encoding=Cp1250 sysTick.CortexM0_SysTick

Host: AMD Ryzen 5 3600 6-Core Processor              , 12 cores, 15G,  Windows 10 , 64 bit Build 18362 (10.0.18362.1110)
Time: Thu Oct 29 10:36:53 2020 ?rodkowoeuropejski czas stand. elapsed time: 535 seconds (0d 0h 8m 55s)

---------------  T H R E A D  ---------------

Current thread (0x000001f87e826800):  VMThread "VM Thread" [stack: 0x00000072eeb00000,0x00000072eec00000] [id=6952]

Stack: [0x00000072eeb00000,0x00000072eec00000],  sp=0x00000072eebff4c8,  free space=1021k
Native frames: (J=compiled Java code, j=interpreted, Vv=VM code, C=native code)
V  [jvm.dll+0x5a1155]


siginfo: EXCEPTION_ACCESS_VIOLATION (0xc0000005), reading address 0xffffffffffffffff


Register to memory mapping:

RIP=0x00007ffe21531155 jvm.dll
RAX=0x00007ffe2181b8ca jvm.dll
RBX=0x0 is NULL
RCX=0x000001f87f7db918 is pointing into metadata
RDX=0x000001f86d7dc801 points into unknown readable memory: ab 83 21 fe 7f 00 00
RSP=0x00000072eebff4c8 points into unknown readable memory: 2a 20 69 21 fe 7f 00 00
RBP=0x00007ffe21531150 jvm.dll
RSI=0x000001f86d7dc800 is a thread
RDI=0x0 is NULL
R8 =0x000000001453a101 is an unknown value
R9 =0x000000007ffe9000 points into unknown readable memory: 48 61 6c 54 00 00 00 00
R10=0x00000000546c6148 is an unknown value
R11=0xfffffffff4192270 is an unknown value
R12=0x00007ffe2179c720 jvm.dll
R13=0x00007ffe21a161d0 jvm.dll
R14=0x000001f87df3b7d8 points into unknown readable memory: 5d cf 51 60 a8 d7 1e 08
R15=0x00000000000003d8 is an unknown value


Registers:
RAX=0x00007ffe2181b8ca, RBX=0x0000000000000000, RCX=0x000001f87f7db918, RDX=0x000001f86d7dc801
RSP=0x00000072eebff4c8, RBP=0x00007ffe21531150, RSI=0x000001f86d7dc800, RDI=0x0000000000000000
R8 =0x000000001453a101, R9 =0x000000007ffe9000, R10=0x00000000546c6148, R11=0xfffffffff4192270
R12=0x00007ffe2179c720, R13=0x00007ffe21a161d0, R14=0x000001f87df3b7d8, R15=0x00000000000003d8
RIP=0x00007ffe21531155, EFLAGS=0x0000000000010202

Top of Stack: (sp=0x00000072eebff4c8)
0x00000072eebff4c8:   00007ffe2169202a 0000000000000000
0x00000072eebff4d8:   0000000000000000 0000000000000000
0x00000072eebff4e8:   0000000000000000 00000072eebff580
0x00000072eebff4f8:   00007ffe216941c0 000001f87ed99ee0
0x00000072eebff508:   0000000000000000 000000000000000e
0x00000072eebff518:   00007ffe217f57c0 00000072eebff580
0x00000072eebff528:   00007ffe21698077 0000000000000001
0x00000072eebff538:   000001f87df3b400 0000000000000001
0x00000072eebff548:   0000000000000000 00000072eebff680
0x00000072eebff558:   00007ffe216946df 0000000000000001
0x00000072eebff568:   0000000000000001 00000072eebff658
0x00000072eebff578:   0000000000000001 00007ffe2183bde0
0x00000072eebff588:   00007ffe21531150 0000000000000000
0x00000072eebff598:   00007ffe21530fe5 0000000000000000
0x00000072eebff5a8:   0000007200000000 0000000000000001
0x00000072eebff5b8:   00007ffe2169bf54 000001f87df3b3f0 

Instructions: (pc=0x00007ffe21531155)
0x00007ffe21531055:   cc cc cc cc cc cc cc cc cc cc cc 48 89 5c 24 18
0x00007ffe21531065:   55 48 83 ec 20 48 8b 1d 5f 3f 4b 00 48 85 db 74
0x00007ffe21531075:   17 48 8b 05 43 3f 4b 00 48 89 83 08 02 00 00 48
0x00007ffe21531085:   89 1d 35 3f 4b 00 eb 07 48 8b 1d 2c 3f 4b 00 33
0x00007ffe21531095:   ed 48 89 2d 33 3f 4b 00 48 85 db 74 7e 48 89 74
0x00007ffe215310a5:   24 30 48 89 7c 24 38 0f 1f 40 00 48 8b b3 00 02
0x00007ffe215310b5:   00 00 48 8b fd 48 2b f3 48 c1 ee 03 48 85 f6 74
0x00007ffe215310c5:   1e 66 66 0f 1f 84 00 00 00 00 00 48 8b 0c fb 33
0x00007ffe215310d5:   d2 48 8b 01 ff 50 68 48 ff c7 48 3b fe 72 ec 48
0x00007ffe215310e5:   8b 8b 08 02 00 00 48 89 ab 08 02 00 00 48 89 9b
0x00007ffe215310f5:   00 02 00 00 48 8b 05 c8 3e 4b 00 48 89 83 10 02
0x00007ffe21531105:   00 00 48 89 1d ba 3e 4b 00 48 8b d9 48 85 c9 75
0x00007ffe21531115:   9a 48 8b 7c 24 38 48 8b 74 24 30 48 8b 5c 24 40
0x00007ffe21531125:   48 89 2d 94 3e 4b 00 48 83 c4 20 5d c3 cc cc cc
0x00007ffe21531135:   cc cc cc cc cc cc cc cc cc cc cc 48 8b 02 48 8b
0x00007ffe21531145:   ca b2 01 48 ff 60 68 cc cc cc cc 48 8b 01 b2 01
0x00007ffe21531155:   48 ff 60 68 cc cc cc cc cc cc cc 40 53 48 83 ec
0x00007ffe21531165:   20 48 8b 15 63 3e 4b 00 48 8b d9 48 85 d2 74 21
0x00007ffe21531175:   48 8d 82 00 02 00 00 48 39 00 75 72 48 8b 05 38
0x00007ffe21531185:   3e 4b 00 48 89 82 08 02 00 00 48 89 15 2a 3e 4b
0x00007ffe21531195:   00 48 8b 15 2b 3e 4b 00 48 85 d2 74 10 48 8b 82
0x00007ffe215311a5:   10 02 00 00 48 89 05 18 3e 4b 00 eb 3a 45 33 c0
0x00007ffe215311b5:   b9 18 02 00 00 41 8d 50 08 e8 ad 18 b0 ff 48 8b
0x00007ffe215311c5:   d0 48 85 c0 74 1f 48 89 80 00 02 00 00 48 c7 80
0x00007ffe215311d5:   08 02 00 00 00 00 00 00 48 c7 80 10 02 00 00 00
0x00007ffe215311e5:   00 00 00 eb 02 33 d2 48 89 15 dd 3d 4b 00 48 8b
0x00007ffe215311f5:   82 00 02 00 00 48 89 18 48 83 82 00 02 00 00 08
0x00007ffe21531205:   48 83 c4 20 5b c3 cc cc cc cc cc 48 89 4c 24 08
0x00007ffe21531215:   48 89 54 24 10 4c 89 44 24 18 4c 89 4c 24 20 48
0x00007ffe21531225:   83 ec 28 4c 8b c1 4c 8d 4c 24 38 48 8d 0d c9 dc
0x00007ffe21531235:   49 00 ba 01 00 00 00 e8 bf a3 f5 ff 48 83 c4 28
0x00007ffe21531245:   c3 cc cc cc cc cc cc cc cc cc cc 48 89 5c 24 08 


Stack slot to memory mapping:
stack at sp + 0 slots: 0x00007ffe2169202a jvm.dll
stack at sp + 1 slots: 0x0 is NULL
stack at sp + 2 slots: 0x0 is NULL
stack at sp + 3 slots: 0x0 is NULL
stack at sp + 4 slots: 0x0 is NULL
stack at sp + 5 slots: 0x00000072eebff580 points into unknown readable memory: e0 bd 83 21 fe 7f 00 00
stack at sp + 6 slots: 0x00007ffe216941c0 jvm.dll
stack at sp + 7 slots: 0x000001f87ed99ee0 points into unknown readable memory: 00 c8 7d 6d f8 01 00 00

VM_Operation (0x00000072ef6ff240): RedefineClasses, mode: safepoint, requested by thread 0x000001f87ed27000


---------------  P R O C E S S  ---------------

Threads class SMR info:
_java_thread_list=0x000001f87ee46cf0, length=14, elements={
0x000001f86d7dc800, 0x000001f87e83f800, 0x000001f87e840800, 0x000001f87e878800,
0x000001f87e87d800, 0x000001f87e880000, 0x000001f87e881000, 0x000001f87e88f800,
0x000001f87e8ac800, 0x000001f87df3c000, 0x000001f87ed27000, 0x000001f87eaf5800,
0x000001f87eaf8800, 0x000001f87ee74800
}

Java Threads: ( => current thread )
  0x000001f86d7dc800 JavaThread "main" [_thread_blocked, id=10076, stack(0x00000072ee500000,0x00000072ee600000)]
  0x000001f87e83f800 JavaThread "Reference Handler" daemon [_thread_blocked, id=17788, stack(0x00000072eec00000,0x00000072eed00000)]
  0x000001f87e840800 JavaThread "Finalizer" daemon [_thread_blocked, id=9032, stack(0x00000072eed00000,0x00000072eee00000)]
  0x000001f87e878800 JavaThread "Signal Dispatcher" daemon [_thread_blocked, id=14724, stack(0x00000072eee00000,0x00000072eef00000)]
  0x000001f87e87d800 JavaThread "Attach Listener" daemon [_thread_blocked, id=2428, stack(0x00000072eef00000,0x00000072ef000000)]
  0x000001f87e880000 JavaThread "Service Thread" daemon [_thread_blocked, id=19928, stack(0x00000072ef000000,0x00000072ef100000)]
  0x000001f87e881000 JavaThread "C2 CompilerThread0" daemon [_thread_blocked, id=15880, stack(0x00000072ef100000,0x00000072ef200000)]
  0x000001f87e88f800 JavaThread "C1 CompilerThread0" daemon [_thread_blocked, id=17496, stack(0x00000072ef200000,0x00000072ef300000)]
  0x000001f87e8ac800 JavaThread "Sweeper thread" daemon [_thread_blocked, id=18136, stack(0x00000072ef300000,0x00000072ef400000)]
  0x000001f87df3c000 JavaThread "Common-Cleaner" daemon [_thread_blocked, id=10676, stack(0x00000072ef400000,0x00000072ef500000)]
  0x000001f87ed27000 JavaThread "JDWP Transport Listener: dt_socket" daemon [_thread_blocked, id=13240, stack(0x00000072ef600000,0x00000072ef700000)]
  0x000001f87eaf5800 JavaThread "JDWP Event Helper Thread" daemon [_thread_blocked, id=18504, stack(0x00000072ef700000,0x00000072ef800000)]
  0x000001f87eaf8800 JavaThread "JDWP Command Reader" daemon [_thread_in_native, id=20412, stack(0x00000072ef800000,0x00000072ef900000)]
  0x000001f87ee74800 JavaThread "Notification Thread" daemon [_thread_blocked, id=13900, stack(0x00000072ef900000,0x00000072efa00000)]

Other Threads:
=>0x000001f87e826800 VMThread "VM Thread" [stack: 0x00000072eeb00000,0x00000072eec00000] [id=6952]
  0x000001f87ee70800 WatcherThread [stack: 0x00000072efa00000,0x00000072efb00000] [id=7992]
  0x000001f86d846000 GCTaskThread "GC Thread#0" [stack: 0x00000072ee600000,0x00000072ee700000] [id=1796]
  0x000001f86d869000 ConcurrentGCThread "G1 Main Marker" [stack: 0x00000072ee700000,0x00000072ee800000] [id=19360]
  0x000001f86d86a000 ConcurrentGCThread "G1 Conc#0" [stack: 0x00000072ee800000,0x00000072ee900000] [id=13152]
  0x000001f87de40000 ConcurrentGCThread "G1 Refine#0" [stack: 0x00000072ee900000,0x00000072eea00000] [id=18452]
  0x000001f87de41000 ConcurrentGCThread "G1 Young RemSet Sampling" [stack: 0x00000072eea00000,0x00000072eeb00000] [id=832]

Threads with active compile tasks:
C2 CompilerThread0   535260  439       4       org.eclipse.jdt.launching.internal.org.objectweb.asm.ClassReader::readUnsignedShort (26 bytes)

VM state:at safepoint (normal execution)

VM Mutex/Monitor currently owned by a thread:  ([mutex/lock_event])
[0x000001f86d7d8700] Threads_lock - owner thread: 0x000001f87e826800

Heap address: 0x0000000700c00000, size: 4084 MB, Compressed Oops mode: Zero based, Oop shift amount: 3
Narrow klass base: 0x0000000800000000, Narrow klass shift: 0
Compressed class space size: 1073741824 Address: 0x0000000800000000

Heap:
 garbage-first heap   total 262144K, used 4096K [0x0000000700c00000, 0x0000000800000000)
  region size 1024K, 6 young (6144K), 0 survivors (0K)
 Metaspace       used 9111K, capacity 9224K, committed 9344K, reserved 1058816K
  class space    used 804K, capacity 836K, committed 896K, reserved 1048576K
Heap Regions: E=young(eden), S=young(survivor), O=old, HS=humongous(starts), HC=humongous(continues), CS=collection set, F=free, OA=open archive, CA=closed archive, TAMS=top-at-mark-start (previous, next)
|   0|0x0000000700c00000, 0x0000000700c00000, 0x0000000700d00000|  0%| F|  |TAMS 0x0000000700c00000, 0x0000000700c00000| Untracked 
|   1|0x0000000700d00000, 0x0000000700d00000, 0x0000000700e00000|  0%| F|  |TAMS 0x0000000700d00000, 0x0000000700d00000| Untracked 
|   2|0x0000000700e00000, 0x0000000700e00000, 0x0000000700f00000|  0%| F|  |TAMS 0x0000000700e00000, 0x0000000700e00000| Untracked 
|   3|0x0000000700f00000, 0x0000000700f00000, 0x0000000701000000|  0%| F|  |TAMS 0x0000000700f00000, 0x0000000700f00000| Untracked 
|   4|0x0000000701000000, 0x0000000701000000, 0x0000000701100000|  0%| F|  |TAMS 0x0000000701000000, 0x0000000701000000| Untracked 
|   5|0x0000000701100000, 0x0000000701100000, 0x0000000701200000|  0%| F|  |TAMS 0x0000000701100000, 0x0000000701100000| Untracked 
|   6|0x0000000701200000, 0x0000000701200000, 0x0000000701300000|  0%| F|  |TAMS 0x0000000701200000, 0x0000000701200000| Untracked 
|   7|0x0000000701300000, 0x0000000701300000, 0x0000000701400000|  0%| F|  |TAMS 0x0000000701300000, 0x0000000701300000| Untracked 
|   8|0x0000000701400000, 0x0000000701400000, 0x0000000701500000|  0%| F|  |TAMS 0x0000000701400000, 0x0000000701400000| Untracked 
|   9|0x0000000701500000, 0x0000000701500000, 0x0000000701600000|  0%| F|  |TAMS 0x0000000701500000, 0x0000000701500000| Untracked 
|  10|0x0000000701600000, 0x0000000701600000, 0x0000000701700000|  0%| F|  |TAMS 0x0000000701600000, 0x0000000701600000| Untracked 
|  11|0x0000000701700000, 0x0000000701700000, 0x0000000701800000|  0%| F|  |TAMS 0x0000000701700000, 0x0000000701700000| Untracked 
|  12|0x0000000701800000, 0x0000000701800000, 0x0000000701900000|  0%| F|  |TAMS 0x0000000701800000, 0x0000000701800000| Untracked 
|  13|0x0000000701900000, 0x0000000701900000, 0x0000000701a00000|  0%| F|  |TAMS 0x0000000701900000, 0x0000000701900000| Untracked 
|  14|0x0000000701a00000, 0x0000000701a00000, 0x0000000701b00000|  0%| F|  |TAMS 0x0000000701a00000, 0x0000000701a00000| Untracked 
|  15|0x0000000701b00000, 0x0000000701b00000, 0x0000000701c00000|  0%| F|  |TAMS 0x0000000701b00000, 0x0000000701b00000| Untracked 
|  16|0x0000000701c00000, 0x0000000701c00000, 0x0000000701d00000|  0%| F|  |TAMS 0x0000000701c00000, 0x0000000701c00000| Untracked 
|  17|0x0000000701d00000, 0x0000000701d00000, 0x0000000701e00000|  0%| F|  |TAMS 0x0000000701d00000, 0x0000000701d00000| Untracked 
|  18|0x0000000701e00000, 0x0000000701e00000, 0x0000000701f00000|  0%| F|  |TAMS 0x0000000701e00000, 0x0000000701e00000| Untracked 
|  19|0x0000000701f00000, 0x0000000701f00000, 0x0000000702000000|  0%| F|  |TAMS 0x0000000701f00000, 0x0000000701f00000| Untracked 
|  20|0x0000000702000000, 0x0000000702000000, 0x0000000702100000|  0%| F|  |TAMS 0x0000000702000000, 0x0000000702000000| Untracked 
|  21|0x0000000702100000, 0x0000000702100000, 0x0000000702200000|  0%| F|  |TAMS 0x0000000702100000, 0x0000000702100000| Untracked 
|  22|0x0000000702200000, 0x0000000702200000, 0x0000000702300000|  0%| F|  |TAMS 0x0000000702200000, 0x0000000702200000| Untracked 
|  23|0x0000000702300000, 0x0000000702300000, 0x0000000702400000|  0%| F|  |TAMS 0x0000000702300000, 0x0000000702300000| Untracked 
|  24|0x0000000702400000, 0x0000000702400000, 0x0000000702500000|  0%| F|  |TAMS 0x0000000702400000, 0x0000000702400000| Untracked 
|  25|0x0000000702500000, 0x0000000702500000, 0x0000000702600000|  0%| F|  |TAMS 0x0000000702500000, 0x0000000702500000| Untracked 
|  26|0x0000000702600000, 0x0000000702600000, 0x0000000702700000|  0%| F|  |TAMS 0x0000000702600000, 0x0000000702600000| Untracked 
|  27|0x0000000702700000, 0x0000000702700000, 0x0000000702800000|  0%| F|  |TAMS 0x0000000702700000, 0x0000000702700000| Untracked 
|  28|0x0000000702800000, 0x0000000702800000, 0x0000000702900000|  0%| F|  |TAMS 0x0000000702800000, 0x0000000702800000| Untracked 
|  29|0x0000000702900000, 0x0000000702900000, 0x0000000702a00000|  0%| F|  |TAMS 0x0000000702900000, 0x0000000702900000| Untracked 
|  30|0x0000000702a00000, 0x0000000702a00000, 0x0000000702b00000|  0%| F|  |TAMS 0x0000000702a00000, 0x0000000702a00000| Untracked 
|  31|0x0000000702b00000, 0x0000000702b00000, 0x0000000702c00000|  0%| F|  |TAMS 0x0000000702b00000, 0x0000000702b00000| Untracked 
|  32|0x0000000702c00000, 0x0000000702c00000, 0x0000000702d00000|  0%| F|  |TAMS 0x0000000702c00000, 0x0000000702c00000| Untracked 
|  33|0x0000000702d00000, 0x0000000702d00000, 0x0000000702e00000|  0%| F|  |TAMS 0x0000000702d00000, 0x0000000702d00000| Untracked 
|  34|0x0000000702e00000, 0x0000000702e00000, 0x0000000702f00000|  0%| F|  |TAMS 0x0000000702e00000, 0x0000000702e00000| Untracked 
|  35|0x0000000702f00000, 0x0000000702f00000, 0x0000000703000000|  0%| F|  |TAMS 0x0000000702f00000, 0x0000000702f00000| Untracked 
|  36|0x0000000703000000, 0x0000000703000000, 0x0000000703100000|  0%| F|  |TAMS 0x0000000703000000, 0x0000000703000000| Untracked 
|  37|0x0000000703100000, 0x0000000703100000, 0x0000000703200000|  0%| F|  |TAMS 0x0000000703100000, 0x0000000703100000| Untracked 
|  38|0x0000000703200000, 0x0000000703200000, 0x0000000703300000|  0%| F|  |TAMS 0x0000000703200000, 0x0000000703200000| Untracked 
|  39|0x0000000703300000, 0x0000000703300000, 0x0000000703400000|  0%| F|  |TAMS 0x0000000703300000, 0x0000000703300000| Untracked 
|  40|0x0000000703400000, 0x0000000703400000, 0x0000000703500000|  0%| F|  |TAMS 0x0000000703400000, 0x0000000703400000| Untracked 
|  41|0x0000000703500000, 0x0000000703500000, 0x0000000703600000|  0%| F|  |TAMS 0x0000000703500000, 0x0000000703500000| Untracked 
|  42|0x0000000703600000, 0x0000000703600000, 0x0000000703700000|  0%| F|  |TAMS 0x0000000703600000, 0x0000000703600000| Untracked 
|  43|0x0000000703700000, 0x0000000703700000, 0x0000000703800000|  0%| F|  |TAMS 0x0000000703700000, 0x0000000703700000| Untracked 
|  44|0x0000000703800000, 0x0000000703800000, 0x0000000703900000|  0%| F|  |TAMS 0x0000000703800000, 0x0000000703800000| Untracked 
|  45|0x0000000703900000, 0x0000000703900000, 0x0000000703a00000|  0%| F|  |TAMS 0x0000000703900000, 0x0000000703900000| Untracked 
|  46|0x0000000703a00000, 0x0000000703a00000, 0x0000000703b00000|  0%| F|  |TAMS 0x0000000703a00000, 0x0000000703a00000| Untracked 
|  47|0x0000000703b00000, 0x0000000703b00000, 0x0000000703c00000|  0%| F|  |TAMS 0x0000000703b00000, 0x0000000703b00000| Untracked 
|  48|0x0000000703c00000, 0x0000000703c00000, 0x0000000703d00000|  0%| F|  |TAMS 0x0000000703c00000, 0x0000000703c00000| Untracked 
|  49|0x0000000703d00000, 0x0000000703d00000, 0x0000000703e00000|  0%| F|  |TAMS 0x0000000703d00000, 0x0000000703d00000| Untracked 
|  50|0x0000000703e00000, 0x0000000703e00000, 0x0000000703f00000|  0%| F|  |TAMS 0x0000000703e00000, 0x0000000703e00000| Untracked 
|  51|0x0000000703f00000, 0x0000000703f00000, 0x0000000704000000|  0%| F|  |TAMS 0x0000000703f00000, 0x0000000703f00000| Untracked 
|  52|0x0000000704000000, 0x0000000704000000, 0x0000000704100000|  0%| F|  |TAMS 0x0000000704000000, 0x0000000704000000| Untracked 
|  53|0x0000000704100000, 0x0000000704100000, 0x0000000704200000|  0%| F|  |TAMS 0x0000000704100000, 0x0000000704100000| Untracked 
|  54|0x0000000704200000, 0x0000000704200000, 0x0000000704300000|  0%| F|  |TAMS 0x0000000704200000, 0x0000000704200000| Untracked 
|  55|0x0000000704300000, 0x0000000704300000, 0x0000000704400000|  0%| F|  |TAMS 0x0000000704300000, 0x0000000704300000| Untracked 
|  56|0x0000000704400000, 0x0000000704400000, 0x0000000704500000|  0%| F|  |TAMS 0x0000000704400000, 0x0000000704400000| Untracked 
|  57|0x0000000704500000, 0x0000000704500000, 0x0000000704600000|  0%| F|  |TAMS 0x0000000704500000, 0x0000000704500000| Untracked 
|  58|0x0000000704600000, 0x0000000704600000, 0x0000000704700000|  0%| F|  |TAMS 0x0000000704600000, 0x0000000704600000| Untracked 
|  59|0x0000000704700000, 0x0000000704700000, 0x0000000704800000|  0%| F|  |TAMS 0x0000000704700000, 0x0000000704700000| Untracked 
|  60|0x0000000704800000, 0x0000000704800000, 0x0000000704900000|  0%| F|  |TAMS 0x0000000704800000, 0x0000000704800000| Untracked 
|  61|0x0000000704900000, 0x0000000704900000, 0x0000000704a00000|  0%| F|  |TAMS 0x0000000704900000, 0x0000000704900000| Untracked 
|  62|0x0000000704a00000, 0x0000000704a00000, 0x0000000704b00000|  0%| F|  |TAMS 0x0000000704a00000, 0x0000000704a00000| Untracked 
|  63|0x0000000704b00000, 0x0000000704b00000, 0x0000000704c00000|  0%| F|  |TAMS 0x0000000704b00000, 0x0000000704b00000| Untracked 
|  64|0x0000000704c00000, 0x0000000704c00000, 0x0000000704d00000|  0%| F|  |TAMS 0x0000000704c00000, 0x0000000704c00000| Untracked 
|  65|0x0000000704d00000, 0x0000000704d00000, 0x0000000704e00000|  0%| F|  |TAMS 0x0000000704d00000, 0x0000000704d00000| Untracked 
|  66|0x0000000704e00000, 0x0000000704e00000, 0x0000000704f00000|  0%| F|  |TAMS 0x0000000704e00000, 0x0000000704e00000| Untracked 
|  67|0x0000000704f00000, 0x0000000704f00000, 0x0000000705000000|  0%| F|  |TAMS 0x0000000704f00000, 0x0000000704f00000| Untracked 
|  68|0x0000000705000000, 0x0000000705000000, 0x0000000705100000|  0%| F|  |TAMS 0x0000000705000000, 0x0000000705000000| Untracked 
|  69|0x0000000705100000, 0x0000000705100000, 0x0000000705200000|  0%| F|  |TAMS 0x0000000705100000, 0x0000000705100000| Untracked 
|  70|0x0000000705200000, 0x0000000705200000, 0x0000000705300000|  0%| F|  |TAMS 0x0000000705200000, 0x0000000705200000| Untracked 
|  71|0x0000000705300000, 0x0000000705300000, 0x0000000705400000|  0%| F|  |TAMS 0x0000000705300000, 0x0000000705300000| Untracked 
|  72|0x0000000705400000, 0x0000000705400000, 0x0000000705500000|  0%| F|  |TAMS 0x0000000705400000, 0x0000000705400000| Untracked 
|  73|0x0000000705500000, 0x0000000705500000, 0x0000000705600000|  0%| F|  |TAMS 0x0000000705500000, 0x0000000705500000| Untracked 
|  74|0x0000000705600000, 0x0000000705600000, 0x0000000705700000|  0%| F|  |TAMS 0x0000000705600000, 0x0000000705600000| Untracked 
|  75|0x0000000705700000, 0x0000000705700000, 0x0000000705800000|  0%| F|  |TAMS 0x0000000705700000, 0x0000000705700000| Untracked 
|  76|0x0000000705800000, 0x0000000705800000, 0x0000000705900000|  0%| F|  |TAMS 0x0000000705800000, 0x0000000705800000| Untracked 
|  77|0x0000000705900000, 0x0000000705900000, 0x0000000705a00000|  0%| F|  |TAMS 0x0000000705900000, 0x0000000705900000| Untracked 
|  78|0x0000000705a00000, 0x0000000705a00000, 0x0000000705b00000|  0%| F|  |TAMS 0x0000000705a00000, 0x0000000705a00000| Untracked 
|  79|0x0000000705b00000, 0x0000000705b00000, 0x0000000705c00000|  0%| F|  |TAMS 0x0000000705b00000, 0x0000000705b00000| Untracked 
|  80|0x0000000705c00000, 0x0000000705c00000, 0x0000000705d00000|  0%| F|  |TAMS 0x0000000705c00000, 0x0000000705c00000| Untracked 
|  81|0x0000000705d00000, 0x0000000705d00000, 0x0000000705e00000|  0%| F|  |TAMS 0x0000000705d00000, 0x0000000705d00000| Untracked 
|  82|0x0000000705e00000, 0x0000000705e00000, 0x0000000705f00000|  0%| F|  |TAMS 0x0000000705e00000, 0x0000000705e00000| Untracked 
|  83|0x0000000705f00000, 0x0000000705f00000, 0x0000000706000000|  0%| F|  |TAMS 0x0000000705f00000, 0x0000000705f00000| Untracked 
|  84|0x0000000706000000, 0x0000000706000000, 0x0000000706100000|  0%| F|  |TAMS 0x0000000706000000, 0x0000000706000000| Untracked 
|  85|0x0000000706100000, 0x0000000706100000, 0x0000000706200000|  0%| F|  |TAMS 0x0000000706100000, 0x0000000706100000| Untracked 
|  86|0x0000000706200000, 0x0000000706200000, 0x0000000706300000|  0%| F|  |TAMS 0x0000000706200000, 0x0000000706200000| Untracked 
|  87|0x0000000706300000, 0x0000000706300000, 0x0000000706400000|  0%| F|  |TAMS 0x0000000706300000, 0x0000000706300000| Untracked 
|  88|0x0000000706400000, 0x0000000706400000, 0x0000000706500000|  0%| F|  |TAMS 0x0000000706400000, 0x0000000706400000| Untracked 
|  89|0x0000000706500000, 0x0000000706500000, 0x0000000706600000|  0%| F|  |TAMS 0x0000000706500000, 0x0000000706500000| Untracked 
|  90|0x0000000706600000, 0x0000000706600000, 0x0000000706700000|  0%| F|  |TAMS 0x0000000706600000, 0x0000000706600000| Untracked 
|  91|0x0000000706700000, 0x0000000706700000, 0x0000000706800000|  0%| F|  |TAMS 0x0000000706700000, 0x0000000706700000| Untracked 
|  92|0x0000000706800000, 0x0000000706800000, 0x0000000706900000|  0%| F|  |TAMS 0x0000000706800000, 0x0000000706800000| Untracked 
|  93|0x0000000706900000, 0x0000000706900000, 0x0000000706a00000|  0%| F|  |TAMS 0x0000000706900000, 0x0000000706900000| Untracked 
|  94|0x0000000706a00000, 0x0000000706a00000, 0x0000000706b00000|  0%| F|  |TAMS 0x0000000706a00000, 0x0000000706a00000| Untracked 
|  95|0x0000000706b00000, 0x0000000706b00000, 0x0000000706c00000|  0%| F|  |TAMS 0x0000000706b00000, 0x0000000706b00000| Untracked 
|  96|0x0000000706c00000, 0x0000000706c00000, 0x0000000706d00000|  0%| F|  |TAMS 0x0000000706c00000, 0x0000000706c00000| Untracked 
|  97|0x0000000706d00000, 0x0000000706d00000, 0x0000000706e00000|  0%| F|  |TAMS 0x0000000706d00000, 0x0000000706d00000| Untracked 
|  98|0x0000000706e00000, 0x0000000706e00000, 0x0000000706f00000|  0%| F|  |TAMS 0x0000000706e00000, 0x0000000706e00000| Untracked 
|  99|0x0000000706f00000, 0x0000000706f00000, 0x0000000707000000|  0%| F|  |TAMS 0x0000000706f00000, 0x0000000706f00000| Untracked 
| 100|0x0000000707000000, 0x0000000707000000, 0x0000000707100000|  0%| F|  |TAMS 0x0000000707000000, 0x0000000707000000| Untracked 
| 101|0x0000000707100000, 0x0000000707100000, 0x0000000707200000|  0%| F|  |TAMS 0x0000000707100000, 0x0000000707100000| Untracked 
| 102|0x0000000707200000, 0x0000000707200000, 0x0000000707300000|  0%| F|  |TAMS 0x0000000707200000, 0x0000000707200000| Untracked 
| 103|0x0000000707300000, 0x0000000707300000, 0x0000000707400000|  0%| F|  |TAMS 0x0000000707300000, 0x0000000707300000| Untracked 
| 104|0x0000000707400000, 0x0000000707400000, 0x0000000707500000|  0%| F|  |TAMS 0x0000000707400000, 0x0000000707400000| Untracked 
| 105|0x0000000707500000, 0x0000000707500000, 0x0000000707600000|  0%| F|  |TAMS 0x0000000707500000, 0x0000000707500000| Untracked 
| 106|0x0000000707600000, 0x0000000707600000, 0x0000000707700000|  0%| F|  |TAMS 0x0000000707600000, 0x0000000707600000| Untracked 
| 107|0x0000000707700000, 0x0000000707700000, 0x0000000707800000|  0%| F|  |TAMS 0x0000000707700000, 0x0000000707700000| Untracked 
| 108|0x0000000707800000, 0x0000000707800000, 0x0000000707900000|  0%| F|  |TAMS 0x0000000707800000, 0x0000000707800000| Untracked 
| 109|0x0000000707900000, 0x0000000707900000, 0x0000000707a00000|  0%| F|  |TAMS 0x0000000707900000, 0x0000000707900000| Untracked 
| 110|0x0000000707a00000, 0x0000000707a00000, 0x0000000707b00000|  0%| F|  |TAMS 0x0000000707a00000, 0x0000000707a00000| Untracked 
| 111|0x0000000707b00000, 0x0000000707b00000, 0x0000000707c00000|  0%| F|  |TAMS 0x0000000707b00000, 0x0000000707b00000| Untracked 
| 112|0x0000000707c00000, 0x0000000707c00000, 0x0000000707d00000|  0%| F|  |TAMS 0x0000000707c00000, 0x0000000707c00000| Untracked 
| 113|0x0000000707d00000, 0x0000000707d00000, 0x0000000707e00000|  0%| F|  |TAMS 0x0000000707d00000, 0x0000000707d00000| Untracked 
| 114|0x0000000707e00000, 0x0000000707e00000, 0x0000000707f00000|  0%| F|  |TAMS 0x0000000707e00000, 0x0000000707e00000| Untracked 
| 115|0x0000000707f00000, 0x0000000707f00000, 0x0000000708000000|  0%| F|  |TAMS 0x0000000707f00000, 0x0000000707f00000| Untracked 
| 116|0x0000000708000000, 0x0000000708000000, 0x0000000708100000|  0%| F|  |TAMS 0x0000000708000000, 0x0000000708000000| Untracked 
| 117|0x0000000708100000, 0x0000000708100000, 0x0000000708200000|  0%| F|  |TAMS 0x0000000708100000, 0x0000000708100000| Untracked 
| 118|0x0000000708200000, 0x0000000708200000, 0x0000000708300000|  0%| F|  |TAMS 0x0000000708200000, 0x0000000708200000| Untracked 
| 119|0x0000000708300000, 0x0000000708300000, 0x0000000708400000|  0%| F|  |TAMS 0x0000000708300000, 0x0000000708300000| Untracked 
| 120|0x0000000708400000, 0x0000000708400000, 0x0000000708500000|  0%| F|  |TAMS 0x0000000708400000, 0x0000000708400000| Untracked 
| 121|0x0000000708500000, 0x0000000708500000, 0x0000000708600000|  0%| F|  |TAMS 0x0000000708500000, 0x0000000708500000| Untracked 
| 122|0x0000000708600000, 0x0000000708600000, 0x0000000708700000|  0%| F|  |TAMS 0x0000000708600000, 0x0000000708600000| Untracked 
| 123|0x0000000708700000, 0x0000000708700000, 0x0000000708800000|  0%| F|  |TAMS 0x0000000708700000, 0x0000000708700000| Untracked 
| 124|0x0000000708800000, 0x0000000708800000, 0x0000000708900000|  0%| F|  |TAMS 0x0000000708800000, 0x0000000708800000| Untracked 
| 125|0x0000000708900000, 0x0000000708900000, 0x0000000708a00000|  0%| F|  |TAMS 0x0000000708900000, 0x0000000708900000| Untracked 
| 126|0x0000000708a00000, 0x0000000708a00000, 0x0000000708b00000|  0%| F|  |TAMS 0x0000000708a00000, 0x0000000708a00000| Untracked 
| 127|0x0000000708b00000, 0x0000000708b00000, 0x0000000708c00000|  0%| F|  |TAMS 0x0000000708b00000, 0x0000000708b00000| Untracked 
| 128|0x0000000708c00000, 0x0000000708c00000, 0x0000000708d00000|  0%| F|  |TAMS 0x0000000708c00000, 0x0000000708c00000| Untracked 
| 129|0x0000000708d00000, 0x0000000708d00000, 0x0000000708e00000|  0%| F|  |TAMS 0x0000000708d00000, 0x0000000708d00000| Untracked 
| 130|0x0000000708e00000, 0x0000000708e00000, 0x0000000708f00000|  0%| F|  |TAMS 0x0000000708e00000, 0x0000000708e00000| Untracked 
| 131|0x0000000708f00000, 0x0000000708f00000, 0x0000000709000000|  0%| F|  |TAMS 0x0000000708f00000, 0x0000000708f00000| Untracked 
| 132|0x0000000709000000, 0x0000000709000000, 0x0000000709100000|  0%| F|  |TAMS 0x0000000709000000, 0x0000000709000000| Untracked 
| 133|0x0000000709100000, 0x0000000709100000, 0x0000000709200000|  0%| F|  |TAMS 0x0000000709100000, 0x0000000709100000| Untracked 
| 134|0x0000000709200000, 0x0000000709200000, 0x0000000709300000|  0%| F|  |TAMS 0x0000000709200000, 0x0000000709200000| Untracked 
| 135|0x0000000709300000, 0x0000000709300000, 0x0000000709400000|  0%| F|  |TAMS 0x0000000709300000, 0x0000000709300000| Untracked 
| 136|0x0000000709400000, 0x0000000709400000, 0x0000000709500000|  0%| F|  |TAMS 0x0000000709400000, 0x0000000709400000| Untracked 
| 137|0x0000000709500000, 0x0000000709500000, 0x0000000709600000|  0%| F|  |TAMS 0x0000000709500000, 0x0000000709500000| Untracked 
| 138|0x0000000709600000, 0x0000000709600000, 0x0000000709700000|  0%| F|  |TAMS 0x0000000709600000, 0x0000000709600000| Untracked 
| 139|0x0000000709700000, 0x0000000709700000, 0x0000000709800000|  0%| F|  |TAMS 0x0000000709700000, 0x0000000709700000| Untracked 
| 140|0x0000000709800000, 0x0000000709800000, 0x0000000709900000|  0%| F|  |TAMS 0x0000000709800000, 0x0000000709800000| Untracked 
| 141|0x0000000709900000, 0x0000000709900000, 0x0000000709a00000|  0%| F|  |TAMS 0x0000000709900000, 0x0000000709900000| Untracked 
| 142|0x0000000709a00000, 0x0000000709a00000, 0x0000000709b00000|  0%| F|  |TAMS 0x0000000709a00000, 0x0000000709a00000| Untracked 
| 143|0x0000000709b00000, 0x0000000709b00000, 0x0000000709c00000|  0%| F|  |TAMS 0x0000000709b00000, 0x0000000709b00000| Untracked 
| 144|0x0000000709c00000, 0x0000000709c00000, 0x0000000709d00000|  0%| F|  |TAMS 0x0000000709c00000, 0x0000000709c00000| Untracked 
| 145|0x0000000709d00000, 0x0000000709d00000, 0x0000000709e00000|  0%| F|  |TAMS 0x0000000709d00000, 0x0000000709d00000| Untracked 
| 146|0x0000000709e00000, 0x0000000709e00000, 0x0000000709f00000|  0%| F|  |TAMS 0x0000000709e00000, 0x0000000709e00000| Untracked 
| 147|0x0000000709f00000, 0x0000000709f00000, 0x000000070a000000|  0%| F|  |TAMS 0x0000000709f00000, 0x0000000709f00000| Untracked 
| 148|0x000000070a000000, 0x000000070a000000, 0x000000070a100000|  0%| F|  |TAMS 0x000000070a000000, 0x000000070a000000| Untracked 
| 149|0x000000070a100000, 0x000000070a100000, 0x000000070a200000|  0%| F|  |TAMS 0x000000070a100000, 0x000000070a100000| Untracked 
| 150|0x000000070a200000, 0x000000070a200000, 0x000000070a300000|  0%| F|  |TAMS 0x000000070a200000, 0x000000070a200000| Untracked 
| 151|0x000000070a300000, 0x000000070a300000, 0x000000070a400000|  0%| F|  |TAMS 0x000000070a300000, 0x000000070a300000| Untracked 
| 152|0x000000070a400000, 0x000000070a400000, 0x000000070a500000|  0%| F|  |TAMS 0x000000070a400000, 0x000000070a400000| Untracked 
| 153|0x000000070a500000, 0x000000070a500000, 0x000000070a600000|  0%| F|  |TAMS 0x000000070a500000, 0x000000070a500000| Untracked 
| 154|0x000000070a600000, 0x000000070a600000, 0x000000070a700000|  0%| F|  |TAMS 0x000000070a600000, 0x000000070a600000| Untracked 
| 155|0x000000070a700000, 0x000000070a700000, 0x000000070a800000|  0%| F|  |TAMS 0x000000070a700000, 0x000000070a700000| Untracked 
| 156|0x000000070a800000, 0x000000070a800000, 0x000000070a900000|  0%| F|  |TAMS 0x000000070a800000, 0x000000070a800000| Untracked 
| 157|0x000000070a900000, 0x000000070a900000, 0x000000070aa00000|  0%| F|  |TAMS 0x000000070a900000, 0x000000070a900000| Untracked 
| 158|0x000000070aa00000, 0x000000070aa00000, 0x000000070ab00000|  0%| F|  |TAMS 0x000000070aa00000, 0x000000070aa00000| Untracked 
| 159|0x000000070ab00000, 0x000000070ab00000, 0x000000070ac00000|  0%| F|  |TAMS 0x000000070ab00000, 0x000000070ab00000| Untracked 
| 160|0x000000070ac00000, 0x000000070ac00000, 0x000000070ad00000|  0%| F|  |TAMS 0x000000070ac00000, 0x000000070ac00000| Untracked 
| 161|0x000000070ad00000, 0x000000070ad00000, 0x000000070ae00000|  0%| F|  |TAMS 0x000000070ad00000, 0x000000070ad00000| Untracked 
| 162|0x000000070ae00000, 0x000000070ae00000, 0x000000070af00000|  0%| F|  |TAMS 0x000000070ae00000, 0x000000070ae00000| Untracked 
| 163|0x000000070af00000, 0x000000070af00000, 0x000000070b000000|  0%| F|  |TAMS 0x000000070af00000, 0x000000070af00000| Untracked 
| 164|0x000000070b000000, 0x000000070b000000, 0x000000070b100000|  0%| F|  |TAMS 0x000000070b000000, 0x000000070b000000| Untracked 
| 165|0x000000070b100000, 0x000000070b100000, 0x000000070b200000|  0%| F|  |TAMS 0x000000070b100000, 0x000000070b100000| Untracked 
| 166|0x000000070b200000, 0x000000070b200000, 0x000000070b300000|  0%| F|  |TAMS 0x000000070b200000, 0x000000070b200000| Untracked 
| 167|0x000000070b300000, 0x000000070b300000, 0x000000070b400000|  0%| F|  |TAMS 0x000000070b300000, 0x000000070b300000| Untracked 
| 168|0x000000070b400000, 0x000000070b400000, 0x000000070b500000|  0%| F|  |TAMS 0x000000070b400000, 0x000000070b400000| Untracked 
| 169|0x000000070b500000, 0x000000070b500000, 0x000000070b600000|  0%| F|  |TAMS 0x000000070b500000, 0x000000070b500000| Untracked 
| 170|0x000000070b600000, 0x000000070b600000, 0x000000070b700000|  0%| F|  |TAMS 0x000000070b600000, 0x000000070b600000| Untracked 
| 171|0x000000070b700000, 0x000000070b700000, 0x000000070b800000|  0%| F|  |TAMS 0x000000070b700000, 0x000000070b700000| Untracked 
| 172|0x000000070b800000, 0x000000070b800000, 0x000000070b900000|  0%| F|  |TAMS 0x000000070b800000, 0x000000070b800000| Untracked 
| 173|0x000000070b900000, 0x000000070b900000, 0x000000070ba00000|  0%| F|  |TAMS 0x000000070b900000, 0x000000070b900000| Untracked 
| 174|0x000000070ba00000, 0x000000070ba00000, 0x000000070bb00000|  0%| F|  |TAMS 0x000000070ba00000, 0x000000070ba00000| Untracked 
| 175|0x000000070bb00000, 0x000000070bb00000, 0x000000070bc00000|  0%| F|  |TAMS 0x000000070bb00000, 0x000000070bb00000| Untracked 
| 176|0x000000070bc00000, 0x000000070bc00000, 0x000000070bd00000|  0%| F|  |TAMS 0x000000070bc00000, 0x000000070bc00000| Untracked 
| 177|0x000000070bd00000, 0x000000070bd00000, 0x000000070be00000|  0%| F|  |TAMS 0x000000070bd00000, 0x000000070bd00000| Untracked 
| 178|0x000000070be00000, 0x000000070be00000, 0x000000070bf00000|  0%| F|  |TAMS 0x000000070be00000, 0x000000070be00000| Untracked 
| 179|0x000000070bf00000, 0x000000070bf00000, 0x000000070c000000|  0%| F|  |TAMS 0x000000070bf00000, 0x000000070bf00000| Untracked 
| 180|0x000000070c000000, 0x000000070c000000, 0x000000070c100000|  0%| F|  |TAMS 0x000000070c000000, 0x000000070c000000| Untracked 
| 181|0x000000070c100000, 0x000000070c100000, 0x000000070c200000|  0%| F|  |TAMS 0x000000070c100000, 0x000000070c100000| Untracked 
| 182|0x000000070c200000, 0x000000070c200000, 0x000000070c300000|  0%| F|  |TAMS 0x000000070c200000, 0x000000070c200000| Untracked 
| 183|0x000000070c300000, 0x000000070c300000, 0x000000070c400000|  0%| F|  |TAMS 0x000000070c300000, 0x000000070c300000| Untracked 
| 184|0x000000070c400000, 0x000000070c400000, 0x000000070c500000|  0%| F|  |TAMS 0x000000070c400000, 0x000000070c400000| Untracked 
| 185|0x000000070c500000, 0x000000070c500000, 0x000000070c600000|  0%| F|  |TAMS 0x000000070c500000, 0x000000070c500000| Untracked 
| 186|0x000000070c600000, 0x000000070c600000, 0x000000070c700000|  0%| F|  |TAMS 0x000000070c600000, 0x000000070c600000| Untracked 
| 187|0x000000070c700000, 0x000000070c700000, 0x000000070c800000|  0%| F|  |TAMS 0x000000070c700000, 0x000000070c700000| Untracked 
| 188|0x000000070c800000, 0x000000070c800000, 0x000000070c900000|  0%| F|  |TAMS 0x000000070c800000, 0x000000070c800000| Untracked 
| 189|0x000000070c900000, 0x000000070c900000, 0x000000070ca00000|  0%| F|  |TAMS 0x000000070c900000, 0x000000070c900000| Untracked 
| 190|0x000000070ca00000, 0x000000070ca00000, 0x000000070cb00000|  0%| F|  |TAMS 0x000000070ca00000, 0x000000070ca00000| Untracked 
| 191|0x000000070cb00000, 0x000000070cb00000, 0x000000070cc00000|  0%| F|  |TAMS 0x000000070cb00000, 0x000000070cb00000| Untracked 
| 192|0x000000070cc00000, 0x000000070cc00000, 0x000000070cd00000|  0%| F|  |TAMS 0x000000070cc00000, 0x000000070cc00000| Untracked 
| 193|0x000000070cd00000, 0x000000070cd00000, 0x000000070ce00000|  0%| F|  |TAMS 0x000000070cd00000, 0x000000070cd00000| Untracked 
| 194|0x000000070ce00000, 0x000000070ce00000, 0x000000070cf00000|  0%| F|  |TAMS 0x000000070ce00000, 0x000000070ce00000| Untracked 
| 195|0x000000070cf00000, 0x000000070cf00000, 0x000000070d000000|  0%| F|  |TAMS 0x000000070cf00000, 0x000000070cf00000| Untracked 
| 196|0x000000070d000000, 0x000000070d000000, 0x000000070d100000|  0%| F|  |TAMS 0x000000070d000000, 0x000000070d000000| Untracked 
| 197|0x000000070d100000, 0x000000070d100000, 0x000000070d200000|  0%| F|  |TAMS 0x000000070d100000, 0x000000070d100000| Untracked 
| 198|0x000000070d200000, 0x000000070d200000, 0x000000070d300000|  0%| F|  |TAMS 0x000000070d200000, 0x000000070d200000| Untracked 
| 199|0x000000070d300000, 0x000000070d300000, 0x000000070d400000|  0%| F|  |TAMS 0x000000070d300000, 0x000000070d300000| Untracked 
| 200|0x000000070d400000, 0x000000070d400000, 0x000000070d500000|  0%| F|  |TAMS 0x000000070d400000, 0x000000070d400000| Untracked 
| 201|0x000000070d500000, 0x000000070d500000, 0x000000070d600000|  0%| F|  |TAMS 0x000000070d500000, 0x000000070d500000| Untracked 
| 202|0x000000070d600000, 0x000000070d600000, 0x000000070d700000|  0%| F|  |TAMS 0x000000070d600000, 0x000000070d600000| Untracked 
| 203|0x000000070d700000, 0x000000070d700000, 0x000000070d800000|  0%| F|  |TAMS 0x000000070d700000, 0x000000070d700000| Untracked 
| 204|0x000000070d800000, 0x000000070d800000, 0x000000070d900000|  0%| F|  |TAMS 0x000000070d800000, 0x000000070d800000| Untracked 
| 205|0x000000070d900000, 0x000000070d900000, 0x000000070da00000|  0%| F|  |TAMS 0x000000070d900000, 0x000000070d900000| Untracked 
| 206|0x000000070da00000, 0x000000070da00000, 0x000000070db00000|  0%| F|  |TAMS 0x000000070da00000, 0x000000070da00000| Untracked 
| 207|0x000000070db00000, 0x000000070db00000, 0x000000070dc00000|  0%| F|  |TAMS 0x000000070db00000, 0x000000070db00000| Untracked 
| 208|0x000000070dc00000, 0x000000070dc00000, 0x000000070dd00000|  0%| F|  |TAMS 0x000000070dc00000, 0x000000070dc00000| Untracked 
| 209|0x000000070dd00000, 0x000000070dd00000, 0x000000070de00000|  0%| F|  |TAMS 0x000000070dd00000, 0x000000070dd00000| Untracked 
| 210|0x000000070de00000, 0x000000070de00000, 0x000000070df00000|  0%| F|  |TAMS 0x000000070de00000, 0x000000070de00000| Untracked 
| 211|0x000000070df00000, 0x000000070df00000, 0x000000070e000000|  0%| F|  |TAMS 0x000000070df00000, 0x000000070df00000| Untracked 
| 212|0x000000070e000000, 0x000000070e000000, 0x000000070e100000|  0%| F|  |TAMS 0x000000070e000000, 0x000000070e000000| Untracked 
| 213|0x000000070e100000, 0x000000070e100000, 0x000000070e200000|  0%| F|  |TAMS 0x000000070e100000, 0x000000070e100000| Untracked 
| 214|0x000000070e200000, 0x000000070e200000, 0x000000070e300000|  0%| F|  |TAMS 0x000000070e200000, 0x000000070e200000| Untracked 
| 215|0x000000070e300000, 0x000000070e300000, 0x000000070e400000|  0%| F|  |TAMS 0x000000070e300000, 0x000000070e300000| Untracked 
| 216|0x000000070e400000, 0x000000070e400000, 0x000000070e500000|  0%| F|  |TAMS 0x000000070e400000, 0x000000070e400000| Untracked 
| 217|0x000000070e500000, 0x000000070e500000, 0x000000070e600000|  0%| F|  |TAMS 0x000000070e500000, 0x000000070e500000| Untracked 
| 218|0x000000070e600000, 0x000000070e600000, 0x000000070e700000|  0%| F|  |TAMS 0x000000070e600000, 0x000000070e600000| Untracked 
| 219|0x000000070e700000, 0x000000070e700000, 0x000000070e800000|  0%| F|  |TAMS 0x000000070e700000, 0x000000070e700000| Untracked 
| 220|0x000000070e800000, 0x000000070e800000, 0x000000070e900000|  0%| F|  |TAMS 0x000000070e800000, 0x000000070e800000| Untracked 
| 221|0x000000070e900000, 0x000000070e900000, 0x000000070ea00000|  0%| F|  |TAMS 0x000000070e900000, 0x000000070e900000| Untracked 
| 222|0x000000070ea00000, 0x000000070ea00000, 0x000000070eb00000|  0%| F|  |TAMS 0x000000070ea00000, 0x000000070ea00000| Untracked 
| 223|0x000000070eb00000, 0x000000070eb00000, 0x000000070ec00000|  0%| F|  |TAMS 0x000000070eb00000, 0x000000070eb00000| Untracked 
| 224|0x000000070ec00000, 0x000000070ec00000, 0x000000070ed00000|  0%| F|  |TAMS 0x000000070ec00000, 0x000000070ec00000| Untracked 
| 225|0x000000070ed00000, 0x000000070ed00000, 0x000000070ee00000|  0%| F|  |TAMS 0x000000070ed00000, 0x000000070ed00000| Untracked 
| 226|0x000000070ee00000, 0x000000070ee00000, 0x000000070ef00000|  0%| F|  |TAMS 0x000000070ee00000, 0x000000070ee00000| Untracked 
| 227|0x000000070ef00000, 0x000000070ef00000, 0x000000070f000000|  0%| F|  |TAMS 0x000000070ef00000, 0x000000070ef00000| Untracked 
| 228|0x000000070f000000, 0x000000070f000000, 0x000000070f100000|  0%| F|  |TAMS 0x000000070f000000, 0x000000070f000000| Untracked 
| 229|0x000000070f100000, 0x000000070f100000, 0x000000070f200000|  0%| F|  |TAMS 0x000000070f100000, 0x000000070f100000| Untracked 
| 230|0x000000070f200000, 0x000000070f200000, 0x000000070f300000|  0%| F|  |TAMS 0x000000070f200000, 0x000000070f200000| Untracked 
| 231|0x000000070f300000, 0x000000070f300000, 0x000000070f400000|  0%| F|  |TAMS 0x000000070f300000, 0x000000070f300000| Untracked 
| 232|0x000000070f400000, 0x000000070f400000, 0x000000070f500000|  0%| F|  |TAMS 0x000000070f400000, 0x000000070f400000| Untracked 
| 233|0x000000070f500000, 0x000000070f500000, 0x000000070f600000|  0%| F|  |TAMS 0x000000070f500000, 0x000000070f500000| Untracked 
| 234|0x000000070f600000, 0x000000070f600000, 0x000000070f700000|  0%| F|  |TAMS 0x000000070f600000, 0x000000070f600000| Untracked 
| 235|0x000000070f700000, 0x000000070f700000, 0x000000070f800000|  0%| F|  |TAMS 0x000000070f700000, 0x000000070f700000| Untracked 
| 236|0x000000070f800000, 0x000000070f800000, 0x000000070f900000|  0%| F|  |TAMS 0x000000070f800000, 0x000000070f800000| Untracked 
| 237|0x000000070f900000, 0x000000070f900000, 0x000000070fa00000|  0%| F|  |TAMS 0x000000070f900000, 0x000000070f900000| Untracked 
| 238|0x000000070fa00000, 0x000000070fa00000, 0x000000070fb00000|  0%| F|  |TAMS 0x000000070fa00000, 0x000000070fa00000| Untracked 
| 239|0x000000070fb00000, 0x000000070fb00000, 0x000000070fc00000|  0%| F|  |TAMS 0x000000070fb00000, 0x000000070fb00000| Untracked 
| 240|0x000000070fc00000, 0x000000070fc00000, 0x000000070fd00000|  0%| F|  |TAMS 0x000000070fc00000, 0x000000070fc00000| Untracked 
| 241|0x000000070fd00000, 0x000000070fd00000, 0x000000070fe00000|  0%| F|  |TAMS 0x000000070fd00000, 0x000000070fd00000| Untracked 
| 242|0x000000070fe00000, 0x000000070fe00000, 0x000000070ff00000|  0%| F|  |TAMS 0x000000070fe00000, 0x000000070fe00000| Untracked 
| 243|0x000000070ff00000, 0x000000070ff00000, 0x0000000710000000|  0%| F|  |TAMS 0x000000070ff00000, 0x000000070ff00000| Untracked 
| 244|0x0000000710000000, 0x0000000710000000, 0x0000000710100000|  0%| F|  |TAMS 0x0000000710000000, 0x0000000710000000| Untracked 
| 245|0x0000000710100000, 0x0000000710100000, 0x0000000710200000|  0%| F|  |TAMS 0x0000000710100000, 0x0000000710100000| Untracked 
| 246|0x0000000710200000, 0x0000000710200000, 0x0000000710300000|  0%| F|  |TAMS 0x0000000710200000, 0x0000000710200000| Untracked 
| 247|0x0000000710300000, 0x0000000710300000, 0x0000000710400000|  0%| F|  |TAMS 0x0000000710300000, 0x0000000710300000| Untracked 
| 248|0x0000000710400000, 0x0000000710400000, 0x0000000710500000|  0%| F|  |TAMS 0x0000000710400000, 0x0000000710400000| Untracked 
| 249|0x0000000710500000, 0x0000000710500000, 0x0000000710600000|  0%| F|  |TAMS 0x0000000710500000, 0x0000000710500000| Untracked 
| 250|0x0000000710600000, 0x0000000710676508, 0x0000000710700000| 46%| E|  |TAMS 0x0000000710600000, 0x0000000710600000| Complete 
| 251|0x0000000710700000, 0x0000000710800000, 0x0000000710800000|100%| E|CS|TAMS 0x0000000710700000, 0x0000000710700000| Complete 
| 252|0x0000000710800000, 0x0000000710900000, 0x0000000710900000|100%| E|CS|TAMS 0x0000000710800000, 0x0000000710800000| Complete 
| 253|0x0000000710900000, 0x0000000710a00000, 0x0000000710a00000|100%| E|CS|TAMS 0x0000000710900000, 0x0000000710900000| Complete 
| 254|0x0000000710a00000, 0x0000000710b00000, 0x0000000710b00000|100%| E|  |TAMS 0x0000000710a00000, 0x0000000710a00000| Complete 
| 255|0x0000000710b00000, 0x0000000710c00000, 0x0000000710c00000|100%| E|CS|TAMS 0x0000000710b00000, 0x0000000710b00000| Complete 

Card table byte_map: [0x000001f872200000,0x000001f872a00000] _byte_map_base: 0x000001f86e9fa000

Marking Bits (Prev, Next): (CMBitMap*) 0x000001f86d846c88, (CMBitMap*) 0x000001f86d846cc8
 Prev Bits: [0x000001f873200000, 0x000001f8771d0000)
 Next Bits: [0x000001f8771d0000, 0x000001f87b1a0000)

Polling page: 0x000001f86b5a0000

Metaspace:

Usage:
  Non-class:      8.19 MB capacity,     8.11 MB (>99%) used,    73.42 KB ( <1%) free+waste,     6.94 KB ( <1%) overhead. 
      Class:    836.00 KB capacity,   804.00 KB ( 96%) used,    29.38 KB (  4%) free+waste,     2.63 KB ( <1%) overhead. 
       Both:      9.01 MB capacity,     8.90 MB ( 99%) used,   102.80 KB (  1%) free+waste,     9.56 KB ( <1%) overhead. 

Virtual space:
  Non-class space:       10.00 MB reserved,       8.25 MB ( 83%) committed 
      Class space:        1.00 GB reserved,     896.00 KB ( <1%) committed 
             Both:        1.01 GB reserved,       9.13 MB ( <1%) committed 

Chunk freelists:
   Non-Class:  60.00 KB
       Class:  28.00 KB
        Both:  88.00 KB

MaxMetaspaceSize: 17179869184.00 GB
CompressedClassSpaceSize: 1.00 GB

CodeHeap 'non-profiled nmethods': size=120000Kb used=133Kb max_used=133Kb free=119867Kb
 bounds [0x000001f807ad0000, 0x000001f807d40000, 0x000001f80f000000]
CodeHeap 'profiled nmethods': size=120000Kb used=617Kb max_used=617Kb free=119383Kb
 bounds [0x000001f8005a0000, 0x000001f800810000, 0x000001f807ad0000]
CodeHeap 'non-nmethods': size=5760Kb used=1228Kb max_used=1251Kb free=4531Kb
 bounds [0x000001f800000000, 0x000001f800270000, 0x000001f8005a0000]
 total_blobs=824 nmethods=437 adapters=300
 compilation: enabled
              stopped_count=0, restarted_count=0
 full_count=0

Compilation events (20 events):
Event: 112.480 Thread 0x000001f87e88f800 nmethod 431 0x000001f807af0e10 code [0x000001f807af0fa0, 0x000001f807af1058]
Event: 277.351 Thread 0x000001f87e881000  432       4       org.eclipse.jdt.launching.internal.org.objectweb.asm.ClassReader::readUnsignedShort (26 bytes)
Event: 277.351 Thread 0x000001f87e88f800  433       3       org.eclipse.jdt.launching.internal.org.objectweb.asm.ClassReader::readUtf (161 bytes)
Event: 277.352 Thread 0x000001f87e88f800 nmethod 433 0x000001f800637d90 code [0x000001f800637f80, 0x000001f800638578]
Event: 277.353 Thread 0x000001f87e88f800  435       3       org.eclipse.jdt.launching.internal.org.objectweb.asm.SymbolTable::add (39 bytes)
Event: 277.353 Thread 0x000001f87e881000 

Event: 277.353 Thread 0x000001f87e88f800 nmethod 435 0x000001f800638910 code [0x000001f800638ac0, 0x000001f800638e38]
Event: 277.353 Thread 0x000001f87e88f800  434       3       org.eclipse.jdt.launching.internal.org.objectweb.asm.SymbolTable$Entry::<init> (17 bytes)
Event: 277.353 Thread 0x000001f87e88f800 nmethod 434 0x000001f800638f90 code [0x000001f800639140, 0x000001f8006392c8]
Event: 495.377 Thread 0x000001f87e88f800  436       3       org.eclipse.jdt.launching.internal.org.objectweb.asm.SymbolTable::addConstantUtf8 (20 bytes)
Event: 495.377 Thread 0x000001f87e88f800 nmethod 436 0x000001f800639390 code [0x000001f800639560, 0x000001f8006398c8]
Event: 495.377 Thread 0x000001f87e88f800  437       3       org.eclipse.jdt.launching.internal.org.objectweb.asm.SymbolTable::addConstantUtf8 (98 bytes)
Event: 495.379 Thread 0x000001f87e88f800 

Event: 495.379 Thread 0x000001f87e88f800  438       3       org.eclipse.jdt.launching.internal.org.objectweb.asm.ByteVector::putShort (52 bytes)
Event: 495.379 Thread 0x000001f87e88f800 nmethod 438 0x000001f800639a90 code [0x000001f800639c40, 0x000001f800639e48]
Event: 535.236 Thread 0x000001f87e881000  439       4       org.eclipse.jdt.launching.internal.org.objectweb.asm.ClassReader::readUnsignedShort (26 bytes)
Event: 535.236 Thread 0x000001f87e88f800  440       3       org.eclipse.jdt.launching.internal.org.objectweb.asm.ClassReader::readInt (52 bytes)
Event: 535.236 Thread 0x000001f87e88f800 nmethod 440 0x000001f800639f90 code [0x000001f80063a120, 0x000001f80063a2f8]
Event: 535.236 Thread 0x000001f87e88f800  441       1       org.eclipse.jdt.launching.internal.org.objectweb.asm.MethodWriter::hasAsmInstructions (5 bytes)
Event: 535.236 Thread 0x000001f87e88f800 nmethod 441 0x000001f807af1110 code [0x000001f807af12a0, 0x000001f807af1358]

GC Heap History (0 events):
No events

Deoptimization events (20 events):
Event: 0.231 Thread 0x000001f86d7dc800 DEOPT PACKING pc=0x000001f807ade170 sp=0x00000072ee5fe430
Event: 0.231 Thread 0x000001f86d7dc800 DEOPT UNPACKING pc=0x000001f80004912f sp=0x00000072ee5fe3e0 mode 2
Event: 0.305 Thread 0x000001f86d7dc800 DEOPT PACKING pc=0x000001f80061b1b8 sp=0x00000072ee5f80f0
Event: 0.305 Thread 0x000001f86d7dc800 DEOPT UNPACKING pc=0x000001f80004964e sp=0x00000072ee5f75b8 mode 0
Event: 0.306 Thread 0x000001f86d7dc800 DEOPT PACKING pc=0x000001f80061b1b8 sp=0x00000072ee5f80f0
Event: 0.306 Thread 0x000001f86d7dc800 DEOPT UNPACKING pc=0x000001f80004964e sp=0x00000072ee5f75b8 mode 0
Event: 0.307 Thread 0x000001f86d7dc800 DEOPT PACKING pc=0x000001f80061b1b8 sp=0x00000072ee5f80f0
Event: 0.307 Thread 0x000001f86d7dc800 DEOPT UNPACKING pc=0x000001f80004964e sp=0x00000072ee5f75b8 mode 0
Event: 0.309 Thread 0x000001f86d7dc800 DEOPT PACKING pc=0x000001f80061b1b8 sp=0x00000072ee5fbbd0
Event: 0.309 Thread 0x000001f86d7dc800 DEOPT UNPACKING pc=0x000001f80004964e sp=0x00000072ee5fb098 mode 0
Event: 0.309 Thread 0x000001f86d7dc800 DEOPT PACKING pc=0x000001f80061b1b8 sp=0x00000072ee5fbbd0
Event: 0.309 Thread 0x000001f86d7dc800 DEOPT UNPACKING pc=0x000001f80004964e sp=0x00000072ee5fb098 mode 0
Event: 0.310 Thread 0x000001f86d7dc800 DEOPT PACKING pc=0x000001f80061b1b8 sp=0x00000072ee5f8070
Event: 0.310 Thread 0x000001f86d7dc800 DEOPT UNPACKING pc=0x000001f80004964e sp=0x00000072ee5f7538 mode 0
Event: 0.311 Thread 0x000001f86d7dc800 DEOPT PACKING pc=0x000001f80061b1b8 sp=0x00000072ee5fbb00
Event: 0.311 Thread 0x000001f86d7dc800 DEOPT UNPACKING pc=0x000001f80004964e sp=0x00000072ee5fafc8 mode 0
Event: 0.315 Thread 0x000001f86d7dc800 DEOPT PACKING pc=0x000001f80061b1b8 sp=0x00000072ee5f7ce0
Event: 0.315 Thread 0x000001f86d7dc800 DEOPT UNPACKING pc=0x000001f80004964e sp=0x00000072ee5f71a8 mode 0
Event: 0.316 Thread 0x000001f86d7dc800 DEOPT PACKING pc=0x000001f80061b1b8 sp=0x00000072ee5f7ce0
Event: 0.316 Thread 0x000001f86d7dc800 DEOPT UNPACKING pc=0x000001f80004964e sp=0x00000072ee5f71a8 mode 0

Classes unloaded (0 events):
No events

Classes redefined (3 events):
Event: 112.480 Thread 0x000001f87e826800 redefined class name=sysTick.CortexM0_SysTick, count=1
Event: 277.352 Thread 0x000001f87e826800 redefined class name=sysTick.CortexM0_SysTick, count=2
Event: 495.378 Thread 0x000001f87e826800 redefined class name=sysTick.CortexM0_SysTick, count=3

Internal exceptions (0 events):
No events

Events (20 events):
Event: 509.661 Executing VM operation: GetCurrentContendedMonitor done
Event: 509.661 Executing VM operation: GetOwnedMonitorInfo
Event: 509.661 Executing VM operation: GetOwnedMonitorInfo done
Event: 509.663 Executing VM operation: GetCurrentContendedMonitor
Event: 509.663 Executing VM operation: GetCurrentContendedMonitor done
Event: 509.663 Executing VM operation: GetOwnedMonitorInfo
Event: 509.663 Executing VM operation: GetOwnedMonitorInfo done
Event: 510.642 Executing VM operation: GetCurrentContendedMonitor
Event: 510.642 Executing VM operation: GetCurrentContendedMonitor done
Event: 510.642 Executing VM operation: GetOwnedMonitorInfo
Event: 510.642 Executing VM operation: GetOwnedMonitorInfo done
Event: 510.650 Executing VM operation: GetCurrentContendedMonitor
Event: 510.651 Executing VM operation: GetCurrentContendedMonitor done
Event: 510.651 Executing VM operation: GetOwnedMonitorInfo
Event: 510.651 Executing VM operation: GetOwnedMonitorInfo done
Event: 511.193 Executing VM operation: GetCurrentContendedMonitor
Event: 511.193 Executing VM operation: GetCurrentContendedMonitor done
Event: 511.193 Executing VM operation: GetOwnedMonitorInfo
Event: 511.194 Executing VM operation: GetOwnedMonitorInfo done
Event: 535.236 Executing VM operation: RedefineClasses


Dynamic libraries:
0x00007ff716db0000 - 0x00007ff716dbd000 	C:\Users\Estase\.p2\pool\plugins\org.eclipse.justj.openjdk.hotspot.jre.full.win32.x86_64_14.0.2.v20200815-0932\jre\bin\javaw.exe
0x00007ffe89480000 - 0x00007ffe89670000 	C:\WINDOWS\SYSTEM32\ntdll.dll
0x00007ffe87dc0000 - 0x00007ffe87e72000 	C:\WINDOWS\System32\KERNEL32.DLL
0x00007ffe865c0000 - 0x00007ffe86865000 	C:\WINDOWS\System32\KERNELBASE.dll
0x00007ffe864c0000 - 0x00007ffe865ba000 	C:\WINDOWS\System32\ucrtbase.dll
0x00007ffe79e20000 - 0x00007ffe79e38000 	C:\Users\Estase\.p2\pool\plugins\org.eclipse.justj.openjdk.hotspot.jre.full.win32.x86_64_14.0.2.v20200815-0932\jre\bin\jli.dll
0x00007ffe79e00000 - 0x00007ffe79e15000 	C:\Users\Estase\.p2\pool\plugins\org.eclipse.justj.openjdk.hotspot.jre.full.win32.x86_64_14.0.2.v20200815-0932\jre\bin\VCRUNTIME140.dll
0x00007ffe87b40000 - 0x00007ffe87cd4000 	C:\WINDOWS\System32\USER32.dll
0x00007ffe873d0000 - 0x00007ffe873f1000 	C:\WINDOWS\System32\win32u.dll
0x00007ffe72560000 - 0x00007ffe727e4000 	C:\WINDOWS\WinSxS\amd64_microsoft.windows.common-controls_6595b64144ccf1df_6.0.18362.1139_none_9e7bf2d3e4605ac6\COMCTL32.dll
0x00007ffe87a10000 - 0x00007ffe87a36000 	C:\WINDOWS\System32\GDI32.dll
0x00007ffe87a40000 - 0x00007ffe87ade000 	C:\WINDOWS\System32\msvcrt.dll
0x00007ffe86870000 - 0x00007ffe86a06000 	C:\WINDOWS\System32\gdi32full.dll
0x00007ffe89100000 - 0x00007ffe89435000 	C:\WINDOWS\System32\combase.dll
0x00007ffe87400000 - 0x00007ffe8749e000 	C:\WINDOWS\System32\msvcp_win.dll
0x00007ffe88180000 - 0x00007ffe882a0000 	C:\WINDOWS\System32\RPCRT4.dll
0x00007ffe86bd0000 - 0x00007ffe86c50000 	C:\WINDOWS\System32\bcryptPrimitives.dll
0x00007ffe885f0000 - 0x00007ffe8861e000 	C:\WINDOWS\System32\IMM32.DLL
0x00007ffe79d60000 - 0x00007ffe79dfb000 	C:\Users\Estase\.p2\pool\plugins\org.eclipse.justj.openjdk.hotspot.jre.full.win32.x86_64_14.0.2.v20200815-0932\jre\bin\msvcp140.dll
0x00007ffe20f90000 - 0x00007ffe21aae000 	C:\Users\Estase\.p2\pool\plugins\org.eclipse.justj.openjdk.hotspot.jre.full.win32.x86_64_14.0.2.v20200815-0932\jre\bin\server\jvm.dll
0x00007ffe88020000 - 0x00007ffe880c3000 	C:\WINDOWS\System32\ADVAPI32.dll
0x00007ffe88780000 - 0x00007ffe88817000 	C:\WINDOWS\System32\sechost.dll
0x00007ffe88820000 - 0x00007ffe88828000 	C:\WINDOWS\System32\PSAPI.DLL
0x00007ffe79590000 - 0x00007ffe79599000 	C:\WINDOWS\SYSTEM32\WSOCK32.dll
0x00007ffe83260000 - 0x00007ffe83284000 	C:\WINDOWS\SYSTEM32\WINMM.dll
0x00007ffe80b00000 - 0x00007ffe80b0a000 	C:\WINDOWS\SYSTEM32\VERSION.dll
0x00007ffe87fb0000 - 0x00007ffe8801f000 	C:\WINDOWS\System32\WS2_32.dll
0x00007ffe83230000 - 0x00007ffe8325d000 	C:\WINDOWS\SYSTEM32\WINMMBASE.dll
0x00007ffe86a10000 - 0x00007ffe86a5a000 	C:\WINDOWS\System32\cfgmgr32.dll
0x00007ffe86370000 - 0x00007ffe86381000 	C:\WINDOWS\System32\kernel.appcore.dll
0x00007ffe3fb50000 - 0x00007ffe3fb5a000 	C:\Users\Estase\.p2\pool\plugins\org.eclipse.justj.openjdk.hotspot.jre.full.win32.x86_64_14.0.2.v20200815-0932\jre\bin\jimage.dll
0x00007ffe73d70000 - 0x00007ffe73f64000 	C:\WINDOWS\SYSTEM32\DBGHELP.DLL
0x00007ffe73c40000 - 0x00007ffe73c6a000 	C:\WINDOWS\SYSTEM32\dbgcore.DLL
0x00007ffe79d20000 - 0x00007ffe79d58000 	C:\Users\Estase\.p2\pool\plugins\org.eclipse.justj.openjdk.hotspot.jre.full.win32.x86_64_14.0.2.v20200815-0932\jre\bin\jdwp.dll
0x00007ffe2ff80000 - 0x00007ffe2ffa5000 	C:\Users\Estase\.p2\pool\plugins\org.eclipse.justj.openjdk.hotspot.jre.full.win32.x86_64_14.0.2.v20200815-0932\jre\bin\java.dll
0x00007ffe82b40000 - 0x00007ffe82b4e000 	C:\Users\Estase\.p2\pool\plugins\org.eclipse.justj.openjdk.hotspot.jre.full.win32.x86_64_14.0.2.v20200815-0932\jre\bin\instrument.dll
0x00007ffe300f0000 - 0x00007ffe30106000 	C:\Users\Estase\.p2\pool\plugins\org.eclipse.justj.openjdk.hotspot.jre.full.win32.x86_64_14.0.2.v20200815-0932\jre\bin\zip.dll
0x00007ffe88a00000 - 0x00007ffe890e7000 	C:\WINDOWS\System32\SHELL32.dll
0x00007ffe87f00000 - 0x00007ffe87fa9000 	C:\WINDOWS\System32\shcore.dll
0x00007ffe86c50000 - 0x00007ffe873d0000 	C:\WINDOWS\System32\windows.storage.dll
0x00007ffe86390000 - 0x00007ffe863b3000 	C:\WINDOWS\System32\profapi.dll
0x00007ffe863c0000 - 0x00007ffe8640a000 	C:\WINDOWS\System32\powrprof.dll
0x00007ffe86340000 - 0x00007ffe86350000 	C:\WINDOWS\System32\UMPDC.dll
0x00007ffe88590000 - 0x00007ffe885e2000 	C:\WINDOWS\System32\shlwapi.dll
0x00007ffe86a60000 - 0x00007ffe86a77000 	C:\WINDOWS\System32\cryptsp.dll
0x00007ffe82640000 - 0x00007ffe8264b000 	C:\Users\Estase\.p2\pool\plugins\org.eclipse.justj.openjdk.hotspot.jre.full.win32.x86_64_14.0.2.v20200815-0932\jre\bin\dt_socket.dll
0x00007ffe85840000 - 0x00007ffe8587a000 	C:\WINDOWS\SYSTEM32\IPHLPAPI.DLL
0x00007ffe85b20000 - 0x00007ffe85b87000 	C:\WINDOWS\system32\mswsock.dll
0x00007ffe85880000 - 0x00007ffe8594b000 	C:\WINDOWS\SYSTEM32\DNSAPI.dll
0x00007ffe890f0000 - 0x00007ffe890f8000 	C:\WINDOWS\System32\NSI.dll
0x0000000073c10000 - 0x0000000073c1a000 	C:\Program Files\National Instruments\Shared\mDNS Responder\nimdnsNSP.dll
0x0000000073c00000 - 0x0000000073c10000 	C:\WINDOWS\SYSTEM32\nimdnsResponder.dll
0x00007ffe7efb0000 - 0x00007ffe7efba000 	C:\Windows\System32\rasadhlp.dll
0x00007ffe80480000 - 0x00007ffe804f7000 	C:\WINDOWS\System32\fwpuclnt.dll
0x00007ffe874a0000 - 0x00007ffe874c6000 	C:\WINDOWS\System32\bcrypt.dll
0x00007ffe2ff60000 - 0x00007ffe2ff79000 	C:\Users\Estase\.p2\pool\plugins\org.eclipse.justj.openjdk.hotspot.jre.full.win32.x86_64_14.0.2.v20200815-0932\jre\bin\net.dll
0x00007ffe7f2d0000 - 0x00007ffe7f3c0000 	C:\WINDOWS\SYSTEM32\WINHTTP.dll
0x00007ffe2ff40000 - 0x00007ffe2ff52000 	C:\Users\Estase\.p2\pool\plugins\org.eclipse.justj.openjdk.hotspot.jre.full.win32.x86_64_14.0.2.v20200815-0932\jre\bin\nio.dll
0x00007ffe3fae0000 - 0x00007ffe3faf0000 	C:\Users\Estase\.p2\pool\plugins\org.eclipse.justj.openjdk.hotspot.jre.full.win32.x86_64_14.0.2.v20200815-0932\jre\bin\verify.dll

dbghelp: loaded successfully - version: 4.0.5 - missing functions: none
symbol engine: initialized successfully - sym options: 0x614 - pdb path: .;C:\Users\Estase\.p2\pool\plugins\org.eclipse.justj.openjdk.hotspot.jre.full.win32.x86_64_14.0.2.v20200815-0932\jre\bin;C:\WINDOWS\SYSTEM32;C:\WINDOWS\WinSxS\amd64_microsoft.windows.common-controls_6595b64144ccf1df_6.0.18362.1139_none_9e7bf2d3e4605ac6;C:\Users\Estase\.p2\pool\plugins\org.eclipse.justj.openjdk.hotspot.jre.full.win32.x86_64_14.0.2.v20200815-0932\jre\bin\server;C:\Program Files\National Instruments\Shared\mDNS Responder

VM Arguments:
jvm_args: -XX:+ShowCodeDetailsInExceptionMessages -agentlib:jdwp=transport=dt_socket,suspend=y,address=localhost:50917 -javaagent:E:\Programy\Nauka\Eclipse\eclipse\configuration\org.eclipse.osgi\215\0\.cp\lib\javaagent-shaded.jar -Dfile.encoding=Cp1250 
java_command: sysTick.CortexM0_SysTick
java_class_path (initial): E:\Programowanie\Java\Projekty\SysTick\bin;C:\Users\Estase\.p2\pool\plugins\org.junit_4.13.0.v20200204-1500.jar;C:\Users\Estase\.p2\pool\plugins\org.hamcrest.core_1.3.0.v20180420-1519.jar
Launcher Type: SUN_STANDARD

[Global flags]
     intx CICompilerCount                          = 4                                         {product} {ergonomic}
     uint ConcGCThreads                            = 3                                         {product} {ergonomic}
     uint G1ConcRefinementThreads                  = 10                                        {product} {ergonomic}
   size_t G1HeapRegionSize                         = 1048576                                   {product} {ergonomic}
    uintx GCDrainStackTargetSize                   = 64                                        {product} {ergonomic}
   size_t InitialHeapSize                          = 268435456                                 {product} {ergonomic}
   size_t MarkStackSize                            = 4194304                                   {product} {ergonomic}
   size_t MaxHeapSize                              = 4282384384                                {product} {ergonomic}
   size_t MaxNewSize                               = 2569011200                                {product} {ergonomic}
   size_t MinHeapDeltaBytes                        = 1048576                                   {product} {ergonomic}
   size_t MinHeapSize                              = 8388608                                   {product} {ergonomic}
    uintx NonNMethodCodeHeapSize                   = 5839372                                {pd product} {ergonomic}
    uintx NonProfiledCodeHeapSize                  = 122909434                              {pd product} {ergonomic}
    uintx ProfiledCodeHeapSize                     = 122909434                              {pd product} {ergonomic}
    uintx ReservedCodeCacheSize                    = 251658240                              {pd product} {ergonomic}
     bool SegmentedCodeCache                       = true                                      {product} {ergonomic}
     bool ShowCodeDetailsInExceptionMessages       = true                                   {manageable} {command line}
   size_t SoftMaxHeapSize                          = 4282384384                             {manageable} {ergonomic}
     bool UseCompressedClassPointers               = true                                 {lp64_product} {ergonomic}
     bool UseCompressedOops                        = true                                 {lp64_product} {ergonomic}
     bool UseG1GC                                  = true                                      {product} {ergonomic}
     bool UseLargePagesIndividualAllocation        = false                                  {pd product} {ergonomic}

Logging:
Log output configuration:
 #0: stdout all=warning uptime,level,tags
 #1: stderr all=off uptime,level,tags

Environment Variables:
PATH=C:\Users\Estase\.p2\pool\plugins\org.eclipse.justj.openjdk.hotspot.jre.full.win32.x86_64_14.0.2.v20200815-0932\jre\bin;C:/Users/Estase/.p2/pool/plugins/org.eclipse.justj.openjdk.hotspot.jre.full.win32.x86_64_14.0.2.v20200815-0932/jre/bin/server;C:/Users/Estase/.p2/pool/plugins/org.eclipse.justj.openjdk.hotspot.jre.full.win32.x86_64_14.0.2.v20200815-0932/jre/bin;C:\Program Files\Common Files\Oracle\Java\javapath;C:\Program Files (x86)\Common Files\Oracle\Java\javapath;C:\WINDOWS\system32;C:\WINDOWS;C:\WINDOWS\System32\Wbem;C:\WINDOWS\System32\WindowsPowerShell\v1.0\;C:\WINDOWS\System32\OpenSSH\;C:\Program Files (x86)\NVIDIA Corporation\PhysX\Common;C:\Program Files\NVIDIA Corporation\NVIDIA NvDLISR;C:\Program Files\dotnet\;E:\Programy\MatLab\bin;C:\Program Files (x86)\IVI Foundation\VISA\WinNT\Bin\;C:\Program Files\IVI Foundation\VISA\Win64\Bin\;C:\Program Files (x86)\National Instruments\Shared\LabVIEW CLI;C:\Program Files (x86)\IVI Foundation\VISA\WinNT\Bin;C:\Users\Estase\AppData\Local\Microsoft\WindowsApps;C:\Users\Estase\.dotnet\tools;E:\Programy\Nauka\Microsoft VS Code\bin;C:\Users\Estase\Desktop;
USERNAME=Estase
OS=Windows_NT
PROCESSOR_IDENTIFIER=AMD64 Family 23 Model 113 Stepping 0, AuthenticAMD



---------------  S Y S T E M  ---------------

OS: Windows 10 , 64 bit Build 18362 (10.0.18362.1110)
OS uptime: 0 days 1:26 hours

CPU:total 12 (initial active 12) (12 cores per cpu, 2 threads per core) family 23 model 113 stepping 0, cmov, cx8, fxsr, mmx, sse, sse2, sse3, ssse3, sse4.1, sse4.2, popcnt, avx, avx2, aes, clmul, mmxext, 3dnowpref, lzcnt, sse4a, ht, tsc, tscinvbit, tscinv, bmi1, bmi2, adx, sha, fma

Memory: 4k page, system-wide physical 16333M (9097M free)
TotalPageFile size 25549M (AvailPageFile size 11143M)
current process WorkingSet (physical memory assigned to process): 44M, peak: 48M
current process commit charge ("private bytes"): 350M, peak: 351M

vm_info: OpenJDK 64-Bit Server VM (14.0.2+12-46) for windows-amd64 JRE (14.0.2+12-46), built on Jul  9 2020 00:31:16 by "mach5one" with MS VC++ 15.9 (VS2017)

END.
